<?xml version="1.0" encoding="UTF-8"?>
<!-- Generated by org.testng.reporters.JUnitXMLReporter -->
<testsuite ignored="0" hostname="Vijay" failures="3" tests="20" name="Test" time="29.64" errors="0" timestamp="2023-02-13T01:23:43 IST">
  <testcase classname="seleniumGrid.AssetDemo" name="test1" time="0.018"/>
  <testcase classname="seleniumGrid.AssetDemo" name="test2" time="0.001"/>
  <testcase classname="seleniumGrid.AssetDemo" name="test3" time="0.012">
    <failure type="java.lang.AssertionError" message="expected [Selenium for automation] but found [Selenium is for automation ]">
      <![CDATA[java.lang.AssertionError: expected [Selenium for automation] but found [Selenium is for automation ]
at seleniumGrid.AssetDemo.test3(AssetDemo.java:22)
at java.base/java.util.ArrayList.forEach(ArrayList.java:1511)
... Removed 33 stack frames]]>
    </failure>
  </testcase> <!-- test3 -->
  <testcase classname="seleniumGrid.AssetDemo" name="test4" time="0.003"/>
  <testcase classname="seleniumGrid.AssetDemo" name="test5" time="0.002">
    <failure type="java.lang.AssertionError" message="null">
      <![CDATA[java.lang.AssertionError: null
at seleniumGrid.AssetDemo.test5(AssetDemo.java:36)
at java.base/java.util.ArrayList.forEach(ArrayList.java:1511)
... Removed 29 stack frames]]>
    </failure>
  </testcase> <!-- test5 -->
  <testcase classname="seleniumGrid.AssetDemo" name="test6" time="0.004">
    <failure type="java.lang.AssertionError" message="expected [false] but found [true]">
      <![CDATA[java.lang.AssertionError: expected [false] but found [true]
at seleniumGrid.AssetDemo.test6(AssetDemo.java:42)
at java.base/java.util.ArrayList.forEach(ArrayList.java:1511)
... Removed 31 stack frames]]>
    </failure>
  </testcase> <!-- test6 -->
  <testcase classname="seleniumGrid.SeleniumWithTestNG" name="startBrowser" time="3.241"/>
  <testcase classname="seleniumGrid.SeleniumWithTestNG" name="verifyURL" time="0.03"/>
  <testcase classname="seleniumGrid.SeleniumWithTestNG" name="verifyTitle" time="0.008"/>
  <testcase classname="seleniumGrid.SeleniumWithTestNG" name="verifyFooterCount" time="0.022"/>
  <testcase classname="seleniumGrid.SeleniumWithTestNG" name="verifyLogIntoApplication" time="25.79"/>
  <testcase classname="seleniumGrid.SeleniumWithTestNG" name="verfiyLogoutFromApplication" time="0.17"/>
  <testcase classname="seleniumGrid.SeleniumWithTestNG" name="closeBrowser" time="0.228"/>
  <testcase classname="seleniumGrid.MyTestNG" name="test1" time="0.002"/>
  <testcase classname="seleniumGrid.MyTestNG" name="test2" time="0.001"/>
  <testcase classname="seleniumGrid.MyTestNG" name="test3" time="0.001"/>
  <testcase classname="seleniumGrid.MyTestNG2" name="makePayment" time="0.001"/>
  <testcase classname="seleniumGrid.MyTestNG2" name="login" time="0.002"/>
  <testcase classname="seleniumGrid.MyTestNG2" name="createAccount" time="0.001"/>
  <testcase classname="seleniumGrid.MyTestNG2" name="logOut" time="0.001"/>
</testsuite> <!-- Test -->
